#
# There is insufficient memory for the Java Runtime Environment to continue.
# Native memory allocation (malloc) failed to allocate 32744 bytes for ChunkPool::allocate
# Possible reasons:
#   The system is out of physical RAM or swap space
#   In 32 bit mode, the process size limit was hit
# Possible solutions:
#   Reduce memory load on the system
#   Increase physical memory or swap space
#   Check if swap backing store is full
#   Use 64 bit Java on a 64 bit OS
#   Decrease Java heap size (-Xmx/-Xms)
#   Decrease number of Java threads
#   Decrease Java thread stack sizes (-Xss)
#   Set larger code cache with -XX:ReservedCodeCacheSize=
# This output file may be truncated or incomplete.
#
#  Out of Memory Error (allocation.cpp:273), pid=19988, tid=0x0000000000004ed0
#
# JRE version: Java(TM) SE Runtime Environment (8.0_191-b12) (build 1.8.0_191-b12)
# Java VM: Java HotSpot(TM) 64-Bit Server VM (25.191-b12 mixed mode windows-amd64 compressed oops)
# Failed to write core dump. Minidumps are not enabled by default on client versions of Windows
#

---------------  T H R E A D  ---------------

Current thread (0x0000000019664000):  JavaThread "C2 CompilerThread0" daemon [_thread_in_native, id=20176, stack(0x0000000019f30000,0x000000001a030000)]

Stack: [0x0000000019f30000,0x000000001a030000]
[error occurred during error reporting (printing stack bounds), id 0xc0000005]

Native frames: (J=compiled Java code, j=interpreted, Vv=VM code, C=native code)


Current CompileTask:
C2:  34896 4623   !   4       java.util.concurrent.ArrayBlockingQueue::take (46 bytes)


---------------  P R O C E S S  ---------------

Java Threads: ( => current thread )
  0x000000001c4b7800 JavaThread "Thread-5" [_thread_in_native, id=20404, stack(0x00000000219d0000,0x0000000021ad0000)]
  0x000000001c4b7000 JavaThread "Thread-4" [_thread_in_native, id=22948, stack(0x00000000218d0000,0x00000000219d0000)]
  0x000000001dc42800 JavaThread "Thread-3" [_thread_blocked, id=21696, stack(0x00000000217d0000,0x00000000218d0000)]
  0x000000001d623800 JavaThread "ThreadedStreamConsumer" daemon [_thread_in_vm, id=24192, stack(0x00000000216d0000,0x00000000217d0000)]
  0x000000001c7e1800 JavaThread "ping-timer-10s" daemon [_thread_blocked, id=3928, stack(0x00000000215d0000,0x00000000216d0000)]
  0x000000001c8cd000 JavaThread "timeout-check-timer" daemon [_thread_blocked, id=9212, stack(0x00000000214d0000,0x00000000215d0000)]
  0x000000001fb9d000 JavaThread "resolver-5" daemon [_thread_blocked, id=21724, stack(0x00000000213d0000,0x00000000214d0000)]
  0x000000001c8cb800 JavaThread "resolver-4" daemon [_thread_blocked, id=9936, stack(0x00000000212d0000,0x00000000213d0000)]
  0x000000001c7ba800 JavaThread "resolver-3" daemon [_thread_blocked, id=24336, stack(0x00000000211d0000,0x00000000212d0000)]
  0x000000001b586000 JavaThread "resolver-2" daemon [_thread_blocked, id=24332, stack(0x00000000210d0000,0x00000000211d0000)]
  0x000000001c8d1800 JavaThread "resolver-1" daemon [_thread_blocked, id=23304, stack(0x0000000020fd0000,0x00000000210d0000)]
  0x000000001969b000 JavaThread "Service Thread" daemon [_thread_blocked, id=22688, stack(0x000000001a330000,0x000000001a430000)]
  0x000000001966a000 JavaThread "C1 CompilerThread3" daemon [_thread_blocked, id=6168, stack(0x000000001a230000,0x000000001a330000)]
  0x0000000019669000 JavaThread "C2 CompilerThread2" daemon [_thread_in_vm, id=23784, stack(0x000000001a130000,0x000000001a230000)]
  0x000000001966c000 JavaThread "C2 CompilerThread1" daemon [_thread_in_native, id=19908, stack(0x000000001a030000,0x000000001a130000)]
=>0x0000000019664000 JavaThread "C2 CompilerThread0" daemon [_thread_in_native, id=20176, stack(0x0000000019f30000,0x000000001a030000)]
  0x0000000019661800 JavaThread "Attach Listener" daemon [_thread_blocked, id=6280, stack(0x0000000019e30000,0x0000000019f30000)]
  0x0000000019660000 JavaThread "Signal Dispatcher" daemon [_thread_blocked, id=21752, stack(0x0000000019d30000,0x0000000019e30000)]
  0x0000000019651000 JavaThread "Finalizer" daemon [_thread_blocked, id=14808, stack(0x0000000019b30000,0x0000000019c30000)]
  0x0000000019650800 JavaThread "Reference Handler" daemon [_thread_blocked, id=21868, stack(0x0000000019a30000,0x0000000019b30000)]
  0x00000000027a2800 JavaThread "main" [_thread_in_native, id=19000, stack(0x0000000002680000,0x0000000002780000)]

Other Threads:
  0x0000000017839000 VMThread [stack: 0x0000000019530000,0x0000000019630000] [id=24084]
  0x000000001969e000 WatcherThread [stack: 0x000000001a430000,0x000000001a530000] [id=21096]

VM state:not at safepoint (normal execution)

VM Mutex/Monitor currently owned by a thread: None

Heap:
 PSYoungGen      total 106496K, used 70488K [0x00000000d6380000, 0x00000000df880000, 0x0000000100000000)
  eden space 95744K, 62% used [0x00000000d6380000,0x00000000d9dd9138,0x00000000dc100000)
  from space 10752K, 99% used [0x00000000dee00000,0x00000000df87cf68,0x00000000df880000)
  to   space 12288K, 0% used [0x00000000de080000,0x00000000de080000,0x00000000dec80000)
 ParOldGen       total 66560K, used 11540K [0x0000000082a00000, 0x0000000086b00000, 0x00000000d6380000)
  object space 66560K, 17% used [0x0000000082a00000,0x0000000083545380,0x0000000086b00000)
 Metaspace       used 24814K, capacity 25426K, committed 25728K, reserved 1071104K
  class space    used 2866K, capacity 3076K, committed 3200K, reserved 1048576K

Card table byte_map: [0x0000000011d20000,0x0000000012110000] byte_map_base: 0x000000001190b000

Marking Bits: (ParMarkBitMap*) 0x0000000053013e30
 Begin Bits: [0x0000000012bb0000, 0x0000000014b08000)
 End Bits:   [0x0000000014b08000, 0x0000000016a60000)

Polling page: 0x0000000000900000

CodeCache: size=245760Kb used=15038Kb max_used=16287Kb free=230721Kb
 bounds [0x0000000002960000, 0x0000000003960000, 0x0000000011960000]
 total_blobs=4723 nmethods=4288 adapters=347
 compilation: enabled

Compilation events (10 events):
Event: 30.804 Thread 0x0000000019664000 nmethod 4620 0x0000000002a60050 code [0x0000000002a601c0, 0x0000000002a60598]
Event: 34.468 Thread 0x000000001966c000 4621       4       java.nio.charset.CharsetEncoder::flush (49 bytes)
Event: 34.469 Thread 0x000000001966c000 nmethod 4621 0x0000000002c60e10 code [0x0000000002c60f40, 0x0000000002c60ff8]
Event: 34.539 Thread 0x0000000019669000 4622       4       org.fusesource.jansi.FilterPrintStream::write (45 bytes)
Event: 34.542 Thread 0x0000000019669000 nmethod 4622 0x0000000002e706d0 code [0x0000000002e70840, 0x0000000002e709f8]
Event: 34.560 Thread 0x0000000019664000 4623   !   4       java.util.concurrent.ArrayBlockingQueue::take (46 bytes)
Event: 34.560 Thread 0x000000001966c000 4624       4       java.util.concurrent.ArrayBlockingQueue::dequeue (75 bytes)
Event: 34.568 Thread 0x0000000019669000 4625       4       org.fusesource.jansi.FilterPrintStream::print (13 bytes)
Event: 34.573 Thread 0x0000000019669000 nmethod 4625 0x0000000002b29790 code [0x0000000002b29900, 0x0000000002b29bd8]
Event: 34.580 Thread 0x0000000019669000 4626       4       org.apache.maven.plugin.surefire.booterclient.output.ForkClient::writeTestOutput (113 bytes)

GC Heap History (10 events):
Event: 1.387 GC heap before
{Heap before GC invocations=3 (full 0):
 PSYoungGen      total 37888K, used 37865K [0x00000000d6380000, 0x00000000dad80000, 0x0000000100000000)
  eden space 32768K, 100% used [0x00000000d6380000,0x00000000d8380000,0x00000000d8380000)
  from space 5120K, 99% used [0x00000000d8880000,0x00000000d8d7a640,0x00000000d8d80000)
  to   space 5120K, 0% used [0x00000000d8380000,0x00000000d8380000,0x00000000d8880000)
 ParOldGen       total 86016K, used 1446K [0x0000000082a00000, 0x0000000087e00000, 0x00000000d6380000)
  object space 86016K, 1% used [0x0000000082a00000,0x0000000082b69bb8,0x0000000087e00000)
 Metaspace       used 14926K, capacity 15170K, committed 15488K, reserved 1062912K
  class space    used 1825K, capacity 1909K, committed 1920K, reserved 1048576K
Event: 1.395 GC heap after
Heap after GC invocations=3 (full 0):
 PSYoungGen      total 37888K, used 5088K [0x00000000d6380000, 0x00000000dad80000, 0x0000000100000000)
  eden space 32768K, 0% used [0x00000000d6380000,0x00000000d6380000,0x00000000d8380000)
  from space 5120K, 99% used [0x00000000d8380000,0x00000000d8878020,0x00000000d8880000)
  to   space 5120K, 0% used [0x00000000da880000,0x00000000da880000,0x00000000dad80000)
 ParOldGen       total 86016K, used 3923K [0x0000000082a00000, 0x0000000087e00000, 0x00000000d6380000)
  object space 86016K, 4% used [0x0000000082a00000,0x0000000082dd4f58,0x0000000087e00000)
 Metaspace       used 14926K, capacity 15170K, committed 15488K, reserved 1062912K
  class space    used 1825K, capacity 1909K, committed 1920K, reserved 1048576K
}
Event: 1.857 GC heap before
{Heap before GC invocations=4 (full 0):
 PSYoungGen      total 37888K, used 37856K [0x00000000d6380000, 0x00000000dad80000, 0x0000000100000000)
  eden space 32768K, 100% used [0x00000000d6380000,0x00000000d8380000,0x00000000d8380000)
  from space 5120K, 99% used [0x00000000d8380000,0x00000000d8878020,0x00000000d8880000)
  to   space 5120K, 0% used [0x00000000da880000,0x00000000da880000,0x00000000dad80000)
 ParOldGen       total 86016K, used 3923K [0x0000000082a00000, 0x0000000087e00000, 0x00000000d6380000)
  object space 86016K, 4% used [0x0000000082a00000,0x0000000082dd4f58,0x0000000087e00000)
 Metaspace       used 15618K, capacity 15936K, committed 16128K, reserved 1062912K
  class space    used 1894K, capacity 1984K, committed 2048K, reserved 1048576K
Event: 1.866 GC heap after
Heap after GC invocations=4 (full 0):
 PSYoungGen      total 70656K, used 5088K [0x00000000d6380000, 0x00000000dad80000, 0x0000000100000000)
  eden space 65536K, 0% used [0x00000000d6380000,0x00000000d6380000,0x00000000da380000)
  from space 5120K, 99% used [0x00000000da880000,0x00000000dad78020,0x00000000dad80000)
  to   space 5120K, 0% used [0x00000000da380000,0x00000000da380000,0x00000000da880000)
 ParOldGen       total 86016K, used 6004K [0x0000000082a00000, 0x0000000087e00000, 0x00000000d6380000)
  object space 86016K, 6% used [0x0000000082a00000,0x0000000082fdd3d0,0x0000000087e00000)
 Metaspace       used 15618K, capacity 15936K, committed 16128K, reserved 1062912K
  class space    used 1894K, capacity 1984K, committed 2048K, reserved 1048576K
}
Event: 2.763 GC heap before
{Heap before GC invocations=5 (full 0):
 PSYoungGen      total 70656K, used 64939K [0x00000000d6380000, 0x00000000dad80000, 0x0000000100000000)
  eden space 65536K, 91% used [0x00000000d6380000,0x00000000d9df2c18,0x00000000da380000)
  from space 5120K, 99% used [0x00000000da880000,0x00000000dad78020,0x00000000dad80000)
  to   space 5120K, 0% used [0x00000000da380000,0x00000000da380000,0x00000000da880000)
 ParOldGen       total 86016K, used 6004K [0x0000000082a00000, 0x0000000087e00000, 0x00000000d6380000)
  object space 86016K, 6% used [0x0000000082a00000,0x0000000082fdd3d0,0x0000000087e00000)
 Metaspace       used 20533K, capacity 21050K, committed 21248K, reserved 1067008K
  class space    used 2497K, capacity 2689K, committed 2816K, reserved 1048576K
Event: 2.774 GC heap after
Heap after GC invocations=5 (full 0):
 PSYoungGen      total 70656K, used 5100K [0x00000000d6380000, 0x00000000df880000, 0x0000000100000000)
  eden space 65536K, 0% used [0x00000000d6380000,0x00000000d6380000,0x00000000da380000)
  from space 5120K, 99% used [0x00000000da380000,0x00000000da87b350,0x00000000da880000)
  to   space 10752K, 0% used [0x00000000dee00000,0x00000000dee00000,0x00000000df880000)
 ParOldGen       total 86016K, used 10846K [0x0000000082a00000, 0x0000000087e00000, 0x00000000d6380000)
  object space 86016K, 12% used [0x0000000082a00000,0x0000000083497a50,0x0000000087e00000)
 Metaspace       used 20533K, capacity 21050K, committed 21248K, reserved 1067008K
  class space    used 2497K, capacity 2689K, committed 2816K, reserved 1048576K
}
Event: 2.774 GC heap before
{Heap before GC invocations=6 (full 1):
 PSYoungGen      total 70656K, used 5100K [0x00000000d6380000, 0x00000000df880000, 0x0000000100000000)
  eden space 65536K, 0% used [0x00000000d6380000,0x00000000d6380000,0x00000000da380000)
  from space 5120K, 99% used [0x00000000da380000,0x00000000da87b350,0x00000000da880000)
  to   space 10752K, 0% used [0x00000000dee00000,0x00000000dee00000,0x00000000df880000)
 ParOldGen       total 86016K, used 10846K [0x0000000082a00000, 0x0000000087e00000, 0x00000000d6380000)
  object space 86016K, 12% used [0x0000000082a00000,0x0000000083497a50,0x0000000087e00000)
 Metaspace       used 20533K, capacity 21050K, committed 21248K, reserved 1067008K
  class space    used 2497K, capacity 2689K, committed 2816K, reserved 1048576K
Event: 2.815 GC heap after
Heap after GC invocations=6 (full 1):
 PSYoungGen      total 70656K, used 0K [0x00000000d6380000, 0x00000000df880000, 0x0000000100000000)
  eden space 65536K, 0% used [0x00000000d6380000,0x00000000d6380000,0x00000000da380000)
  from space 5120K, 0% used [0x00000000da380000,0x00000000da380000,0x00000000da880000)
  to   space 10752K, 0% used [0x00000000dee00000,0x00000000dee00000,0x00000000df880000)
 ParOldGen       total 66560K, used 11418K [0x0000000082a00000, 0x0000000086b00000, 0x00000000d6380000)
  object space 66560K, 17% used [0x0000000082a00000,0x0000000083526bd0,0x0000000086b00000)
 Metaspace       used 20533K, capacity 21050K, committed 21248K, reserved 1067008K
  class space    used 2497K, capacity 2689K, committed 2816K, reserved 1048576K
}
Event: 4.263 GC heap before
{Heap before GC invocations=7 (full 1):
 PSYoungGen      total 70656K, used 65536K [0x00000000d6380000, 0x00000000df880000, 0x0000000100000000)
  eden space 65536K, 100% used [0x00000000d6380000,0x00000000da380000,0x00000000da380000)
  from space 5120K, 0% used [0x00000000da380000,0x00000000da380000,0x00000000da880000)
  to   space 10752K, 0% used [0x00000000dee00000,0x00000000dee00000,0x00000000df880000)
 ParOldGen       total 66560K, used 11418K [0x0000000082a00000, 0x0000000086b00000, 0x00000000d6380000)
  object space 66560K, 17% used [0x0000000082a00000,0x0000000083526bd0,0x0000000086b00000)
 Metaspace       used 23653K, capacity 24242K, committed 24576K, reserved 1071104K
  class space    used 2765K, capacity 2980K, committed 3072K, reserved 1048576K
Event: 4.273 GC heap after
Heap after GC invocations=7 (full 1):
 PSYoungGen      total 106496K, used 10739K [0x00000000d6380000, 0x00000000df880000, 0x0000000100000000)
  eden space 95744K, 0% used [0x00000000d6380000,0x00000000d6380000,0x00000000dc100000)
  from space 10752K, 99% used [0x00000000dee00000,0x00000000df87cf68,0x00000000df880000)
  to   space 12288K, 0% used [0x00000000de080000,0x00000000de080000,0x00000000dec80000)
 ParOldGen       total 66560K, used 11540K [0x0000000082a00000, 0x0000000086b00000, 0x00000000d6380000)
  object space 66560K, 17% used [0x0000000082a00000,0x0000000083545380,0x0000000086b00000)
 Metaspace       used 23653K, capacity 24242K, committed 24576K, reserved 1071104K
  class space    used 2765K, capacity 2980K, committed 3072K, reserved 1048576K
}

Deoptimization events (10 events):
Event: 4.566 Thread 0x00000000027a2800 Uncommon trap: reason=class_check action=maybe_recompile pc=0x000000000303ce80 method=java.util.Collections$UnmodifiableMap$UnmodifiableEntrySet$UnmodifiableEntry.getKey()Ljava/lang/Object; @ 4
Event: 4.566 Thread 0x00000000027a2800 Uncommon trap: reason=class_check action=maybe_recompile pc=0x0000000003040780 method=java.util.Collections$UnmodifiableMap$UnmodifiableEntrySet$UnmodifiableEntry.getValue()Ljava/lang/Object; @ 4
Event: 4.566 Thread 0x00000000027a2800 Uncommon trap: reason=class_check action=maybe_recompile pc=0x000000000303a20c method=java.util.Collections$UnmodifiableMap$UnmodifiableEntrySet$1.hasNext()Z @ 4
Event: 4.566 Thread 0x00000000027a2800 Uncommon trap: reason=class_check action=maybe_recompile pc=0x0000000003027a30 method=java.util.Collections$UnmodifiableMap$UnmodifiableEntrySet$1.next()Ljava/util/Map$Entry; @ 8
Event: 4.566 Thread 0x00000000027a2800 Uncommon trap: reason=class_check action=maybe_recompile pc=0x000000000303ce80 method=java.util.Collections$UnmodifiableMap$UnmodifiableEntrySet$UnmodifiableEntry.getKey()Ljava/lang/Object; @ 4
Event: 4.566 Thread 0x00000000027a2800 Uncommon trap: reason=class_check action=maybe_recompile pc=0x0000000003040780 method=java.util.Collections$UnmodifiableMap$UnmodifiableEntrySet$UnmodifiableEntry.getValue()Ljava/lang/Object; @ 4
Event: 4.566 Thread 0x00000000027a2800 Uncommon trap: reason=class_check action=maybe_recompile pc=0x000000000303a20c method=java.util.Collections$UnmodifiableMap$UnmodifiableEntrySet$1.hasNext()Z @ 4
Event: 4.566 Thread 0x00000000027a2800 Uncommon trap: reason=class_check action=maybe_recompile pc=0x0000000003027a30 method=java.util.Collections$UnmodifiableMap$UnmodifiableEntrySet$1.next()Ljava/util/Map$Entry; @ 8
Event: 4.566 Thread 0x00000000027a2800 Uncommon trap: reason=class_check action=maybe_recompile pc=0x000000000303ce80 method=java.util.Collections$UnmodifiableMap$UnmodifiableEntrySet$UnmodifiableEntry.getKey()Ljava/lang/Object; @ 4
Event: 4.566 Thread 0x00000000027a2800 Uncommon trap: reason=class_check action=maybe_recompile pc=0x0000000003040780 method=java.util.Collections$UnmodifiableMap$UnmodifiableEntrySet$UnmodifiableEntry.getValue()Ljava/lang/Object; @ 4

Classes redefined (0 events):
No events

Internal exceptions (10 events):
Event: 2.535 Thread 0x00000000027a2800 Exception <a 'java/lang/ClassNotFoundException': com/sun/tools/javac/api/JavacTool> (0x00000000d8f2a0e0) thrown at [C:\re\workspace\8-2-build-windows-amd64-cygwin\jdk8u191\11896\hotspot\src\share\vm\classfile\systemDictionary.cpp, line 210]
Event: 2.887 Thread 0x00000000027a2800 Exception <a 'java/io/FileNotFoundException'> (0x00000000d69cce30) thrown at [C:\re\workspace\8-2-build-windows-amd64-cygwin\jdk8u191\11896\hotspot\src\share\vm\prims\jni.cpp, line 709]
Event: 2.889 Thread 0x00000000027a2800 Exception <a 'java/io/FileNotFoundException'> (0x00000000d6a01b70) thrown at [C:\re\workspace\8-2-build-windows-amd64-cygwin\jdk8u191\11896\hotspot\src\share\vm\prims\jni.cpp, line 709]
Event: 3.323 Thread 0x00000000027a2800 Exception <a 'java/io/FileNotFoundException'> (0x00000000d854f6c8) thrown at [C:\re\workspace\8-2-build-windows-amd64-cygwin\jdk8u191\11896\hotspot\src\share\vm\prims\jni.cpp, line 709]
Event: 3.324 Thread 0x00000000027a2800 Exception <a 'java/io/FileNotFoundException'> (0x00000000d8551280) thrown at [C:\re\workspace\8-2-build-windows-amd64-cygwin\jdk8u191\11896\hotspot\src\share\vm\prims\jni.cpp, line 709]
Event: 3.825 Thread 0x00000000027a2800 Exception <a 'java/lang/NoSuchMethodError': org.apache.maven.execution.MavenExecutionRequest.getFailureBehavior()Ljava/lang/String;> (0x00000000da232870) thrown at [C:\re\workspace\8-2-build-windows-amd64-cygwin\jdk8u191\11896\hotspot\src\share\vm\interpr
Event: 3.828 Thread 0x000000001f080000 Implicit null exception at 0x00000000033a32f8 to 0x00000000033a4135
Event: 3.832 Thread 0x00000000027a2800 Implicit null exception at 0x00000000030430a0 to 0x0000000003043111
Event: 3.847 Thread 0x00000000027a2800 Implicit null exception at 0x0000000003036630 to 0x0000000003036681
Event: 4.309 Thread 0x00000000027a2800 Implicit null exception at 0x00000000037fe577 to 0x00000000037fe7c1

Events (10 events):
Event: 17.094 Executing VM operation: RevokeBias
Event: 17.094 Executing VM operation: RevokeBias done
Event: 17.094 loading class org/apache/maven/plugin/surefire/report/WrappedReportEntry
Event: 17.094 loading class org/apache/maven/plugin/surefire/report/WrappedReportEntry done
Event: 17.094 loading class org/apache/maven/plugin/surefire/report/WrappedReportEntry
Event: 17.094 loading class org/apache/maven/plugin/surefire/report/WrappedReportEntry done
Event: 17.095 Executing VM operation: Deoptimize
Event: 17.095 Executing VM operation: Deoptimize done
Event: 17.096 Thread 0x000000001d623800 DEOPT PACKING pc=0x0000000003940654 sp=0x00000000217ceb90
Event: 17.096 Thread 0x000000001d623800 DEOPT UNPACKING pc=0x00000000029a7890 sp=0x00000000217cea48 mode 0


Dynamic libraries:
0x00007ff6580b0000 - 0x00007ff6580e7000 	C:\Program Files\Java\jdk1.8.0_191\bin\java.exe
0x00007ffdb2910000 - 0x00007ffdb2af1000 	C:\Windows\SYSTEM32\ntdll.dll
0x00007ffdb2090000 - 0x00007ffdb2142000 	C:\Windows\System32\KERNEL32.DLL
0x00007ffdafb20000 - 0x00007ffdafd93000 	C:\Windows\System32\KERNELBASE.dll
0x00007ffdb1fe0000 - 0x00007ffdb2081000 	C:\Windows\System32\ADVAPI32.dll
0x00007ffdb1630000 - 0x00007ffdb16ce000 	C:\Windows\System32\msvcrt.dll
0x00007ffdb15b0000 - 0x00007ffdb160b000 	C:\Windows\System32\sechost.dll
0x00007ffdafda0000 - 0x00007ffdafec4000 	C:\Windows\System32\RPCRT4.dll
0x00007ffdb1370000 - 0x00007ffdb1500000 	C:\Windows\System32\USER32.dll
0x00007ffdaf1a0000 - 0x00007ffdaf1c0000 	C:\Windows\System32\win32u.dll
0x00007ffdb27c0000 - 0x00007ffdb27e8000 	C:\Windows\System32\GDI32.dll
0x00007ffdaf210000 - 0x00007ffdaf3a2000 	C:\Windows\System32\gdi32full.dll
0x00007ffdaee90000 - 0x00007ffdaef2f000 	C:\Windows\System32\msvcp_win.dll
0x00007ffdaece0000 - 0x00007ffdaedda000 	C:\Windows\System32\ucrtbase.dll
0x00007ffd96ed0000 - 0x00007ffd97139000 	C:\Windows\WinSxS\amd64_microsoft.windows.common-controls_6595b64144ccf1df_6.0.17134.590_none_fb3d9bff3069e088\COMCTL32.dll
0x00007ffdb2390000 - 0x00007ffdb26b2000 	C:\Windows\System32\combase.dll
0x00007ffdaef30000 - 0x00007ffdaefaa000 	C:\Windows\System32\bcryptPrimitives.dll
0x00007ffdb1db0000 - 0x00007ffdb1ddd000 	C:\Windows\System32\IMM32.DLL
0x0000000054360000 - 0x0000000054432000 	C:\Program Files\Java\jdk1.8.0_191\jre\bin\msvcr100.dll
0x00000000527f0000 - 0x0000000053094000 	C:\Program Files\Java\jdk1.8.0_191\jre\bin\server\jvm.dll
0x00007ffdb2380000 - 0x00007ffdb2388000 	C:\Windows\System32\PSAPI.DLL
0x00007ffd85ad0000 - 0x00007ffd85ad9000 	C:\Windows\SYSTEM32\WSOCK32.dll
0x00007ffdaac40000 - 0x00007ffdaac63000 	C:\Windows\SYSTEM32\WINMM.dll
0x00007ffda9300000 - 0x00007ffda930a000 	C:\Windows\SYSTEM32\VERSION.dll
0x00007ffdb1f70000 - 0x00007ffdb1fdc000 	C:\Windows\System32\WS2_32.dll
0x00007ffdaab90000 - 0x00007ffdaabba000 	C:\Windows\SYSTEM32\winmmbase.dll
0x00007ffdaf1c0000 - 0x00007ffdaf209000 	C:\Windows\System32\cfgmgr32.dll
0x0000000054350000 - 0x000000005435f000 	C:\Program Files\Java\jdk1.8.0_191\jre\bin\verify.dll
0x0000000054320000 - 0x0000000054349000 	C:\Program Files\Java\jdk1.8.0_191\jre\bin\java.dll
0x0000000054300000 - 0x0000000054316000 	C:\Program Files\Java\jdk1.8.0_191\jre\bin\zip.dll
0x00007ffdafed0000 - 0x00007ffdb1310000 	C:\Windows\System32\SHELL32.dll
0x00007ffdb1500000 - 0x00007ffdb15a9000 	C:\Windows\System32\shcore.dll
0x00007ffdaf3b0000 - 0x00007ffdafabd000 	C:\Windows\System32\windows.storage.dll
0x00007ffdb26c0000 - 0x00007ffdb2711000 	C:\Windows\System32\shlwapi.dll
0x00007ffdaec30000 - 0x00007ffdaec41000 	C:\Windows\System32\kernel.appcore.dll
0x00007ffdaecc0000 - 0x00007ffdaecdf000 	C:\Windows\System32\profapi.dll
0x00007ffdaec50000 - 0x00007ffdaec9c000 	C:\Windows\System32\powrprof.dll
0x00007ffdaec20000 - 0x00007ffdaec2a000 	C:\Windows\System32\FLTLIB.DLL
0x00007ffdaacd0000 - 0x00007ffdaacda000 	D:\Users\nsusz\jars\apache-maven-3.6.0-bin\apache-maven-3.6.0\lib\jansi-native\windows64\jansi.dll
0x00000000542e0000 - 0x00000000542fa000 	C:\Program Files\Java\jdk1.8.0_191\jre\bin\net.dll
0x00007ffdae450000 - 0x00007ffdae4b6000 	C:\Windows\system32\mswsock.dll
0x00000000542c0000 - 0x00000000542d1000 	C:\Program Files\Java\jdk1.8.0_191\jre\bin\nio.dll
0x00000000541d0000 - 0x00000000541dd000 	C:\Program Files\Java\jdk1.8.0_191\jre\bin\management.dll
0x00007ffd8a3b0000 - 0x00007ffd8a3c6000 	C:\Windows\system32\napinsp.dll
0x00007ffd8a1f0000 - 0x00007ffd8a20a000 	C:\Windows\system32\pnrpnsp.dll
0x00007ffdacc00000 - 0x00007ffdacc19000 	C:\Windows\system32\NLAapi.dll
0x00007ffdae220000 - 0x00007ffdae2de000 	C:\Windows\SYSTEM32\DNSAPI.dll
0x00007ffdb1de0000 - 0x00007ffdb1de8000 	C:\Windows\System32\NSI.dll
0x00007ffdae1e0000 - 0x00007ffdae218000 	C:\Windows\SYSTEM32\IPHLPAPI.DLL
0x00007ffd8a180000 - 0x00007ffd8a18e000 	C:\Windows\System32\winrnr.dll
0x00007ffda9a80000 - 0x00007ffda9a95000 	C:\Windows\System32\wshbth.dll
0x00007ffda4110000 - 0x00007ffda411a000 	C:\Windows\System32\rasadhlp.dll
0x00007ffda6210000 - 0x00007ffda6282000 	C:\Windows\System32\fwpuclnt.dll
0x00007ffdae780000 - 0x00007ffdae7a5000 	C:\Windows\SYSTEM32\bcrypt.dll
0x00007ffdae660000 - 0x00007ffdae677000 	C:\Windows\SYSTEM32\CRYPTSP.dll
0x00007ffdae040000 - 0x00007ffdae073000 	C:\Windows\system32\rsaenh.dll
0x00007ffdaeb50000 - 0x00007ffdaeb78000 	C:\Windows\SYSTEM32\USERENV.dll
0x00007ffdae5b0000 - 0x00007ffdae5bb000 	C:\Windows\SYSTEM32\CRYPTBASE.dll
0x00007ffda9890000 - 0x00007ffda98a6000 	C:\Windows\SYSTEM32\dhcpcsvc6.DLL
0x00007ffda9870000 - 0x00007ffda988a000 	C:\Windows\SYSTEM32\dhcpcsvc.DLL

VM Arguments:
jvm_args: -Dclassworlds.conf=D:\Users\nsusz\jars\apache-maven-3.6.0-bin\apache-maven-3.6.0\bin\..\bin\m2.conf -Dmaven.home=D:\Users\nsusz\jars\apache-maven-3.6.0-bin\apache-maven-3.6.0\bin\.. -Dlibrary.jansi.path=D:\Users\nsusz\jars\apache-maven-3.6.0-bin\apache-maven-3.6.0\bin\..\lib\jansi-native -Dmaven.multiModuleProjectDirectory=D:\Idea_Selenium\Selenium_now\SeleniumIssueTrackerSecond 
java_command: org.codehaus.plexus.classworlds.launcher.Launcher clean verify -Dwebdriver.gecko.driver=D:\Users\nsusz\jars\geckodriver\geckodriver.exe
java_class_path (initial): D:\Users\nsusz\jars\apache-maven-3.6.0-bin\apache-maven-3.6.0\bin\..\boot\plexus-classworlds-2.5.2.jar
Launcher Type: SUN_STANDARD

Environment Variables:
JAVA_HOME=C:\Program Files\Java\jdk1.8.0_191
PATH=C:\ProgramData\DockerDesktop\version-bin;C:\Program Files\Docker\Docker\Resources\bin;C:\Program Files (x86)\Common Files\Oracle\Java\javapath;C:\Windows\system32;C:\Windows;C:\Windows\System32\Wbem;C:\Windows\System32\WindowsPowerShell\v1.0\;C:\Windows\System32\OpenSSH\;D:\Program Files\Git\cmd;D:\Program Files\nodejs\;D:\Program Files (x86)\Groovy\Groovy-3.0.0\bin;D:\Users\nsusz\jars\gradle-5.2.1-bin\gradle-5.2.1\bin;D:\Users\nsusz\jars\spring-boot-cli-2.1.3.RELEASE-bin\spring-2.1.3.RELEASE\bin;D:\Users\nsusz\jars\apache-maven-3.6.0-bin\apache-maven-3.6.0\bin;;D:\Windows\PostgreSQL\pg11\bin;D:\Users\nsusz\AppData\Local\Programs\Python\Python37\Scripts\;D:\Users\nsusz\AppData\Local\Programs\Python\Python37\;C:\Users\nsusz\AppData\Local\Microsoft\WindowsApps;C:\Program Files\JetBrains\IntelliJ IDEA Community Edition 2018.3.1\bin;C:\Program Files\Java\jdk1.8.0_191\bin;D:\Users\nsusz\jars\maven\bin;D:\Program Files\JetBrains\WebStorm 2018.3.5\bin;C:\Users\nsusz\AppData\Roaming\npm;C:\Users\nsusz\AppData\Local\GitHubDesktop\bin;;D:\Program Files\JetBrains\IntelliJ IDEA 2018.3.5\bin;
USERNAME=nsusz
OS=Windows_NT
PROCESSOR_IDENTIFIER=Intel64 Family 6 Model 60 Stepping 3, GenuineIntel



---------------  S Y S T E M  ---------------

OS: Windows 10.0 , 64 bit Build 17134 (10.0.17134.556)

CPU:total 8 (initial active 8) (4 cores per cpu, 2 threads per core) family 6 model 60 stepping 3, cmov, cx8, fxsr, mmx, sse, sse2, sse3, ssse3, sse4.1, sse4.2, popcnt, avx, avx2, aes, clmul, erms, lzcnt, ht, tsc, tscinvbit, bmi1, bmi2

Memory: 4k page, physical 8209384k(520540k free), swap 12403688k(6708k free)

vm_info: Java HotSpot(TM) 64-Bit Server VM (25.191-b12) for windows-amd64 JRE (1.8.0_191-b12), built on Oct  6 2018 09:29:03 by "java_re" with MS VC++ 10.0 (VS2010)

time: Fri Mar 29 22:23:54 2019
elapsed time: 34 seconds (0d 0h 0m 34s)

